<?xml version="1.0" encoding="UTF-8" ?>
<testsuite tests="0" failures="0" name="com.k2js.CucumberBasics.AppTest" time="0" errors="0" skipped="0">
  <properties>
    <property name="java.runtime.name" value="Java(TM) SE Runtime Environment"/>
    <property name="sun.boot.library.path" value="E:\seleniumtrainingbyjitendra\tools\Java\jdk1.8.0_152\jre\bin"/>
    <property name="java.vm.version" value="25.152-b16"/>
    <property name="java.vm.vendor" value="Oracle Corporation"/>
    <property name="maven.multiModuleProjectDirectory" value="E:\seleniumtrainingbyjitendra\practicals\seleniumpracticals\CucumberBasics"/>
    <property name="java.vendor.url" value="http://java.oracle.com/"/>
    <property name="path.separator" value=";"/>
    <property name="guice.disable.misplaced.annotation.check" value="true"/>
    <property name="java.vm.name" value="Java HotSpot(TM) 64-Bit Server VM"/>
    <property name="file.encoding.pkg" value="sun.io"/>
    <property name="user.script" value=""/>
    <property name="user.country" value="IN"/>
    <property name="sun.java.launcher" value="SUN_STANDARD"/>
    <property name="sun.os.patch.level" value=""/>
    <property name="java.vm.specification.name" value="Java Virtual Machine Specification"/>
    <property name="user.dir" value="E:\seleniumtrainingbyjitendra\practicals\seleniumpracticals\CucumberBasics"/>
    <property name="java.runtime.version" value="1.8.0_152-b16"/>
    <property name="java.awt.graphicsenv" value="sun.awt.Win32GraphicsEnvironment"/>
    <property name="java.endorsed.dirs" value="E:\seleniumtrainingbyjitendra\tools\Java\jdk1.8.0_152\jre\lib\endorsed"/>
    <property name="os.arch" value="amd64"/>
    <property name="java.io.tmpdir" value="C:\Users\User\AppData\Local\Temp\"/>
    <property name="line.separator" value="
"/>
    <property name="java.vm.specification.vendor" value="Oracle Corporation"/>
    <property name="user.variant" value=""/>
    <property name="os.name" value="Windows 10"/>
    <property name="classworlds.conf" value="E:\seleniumtrainingbyjitendra\practicals\seleniumpracticals\.metadata\.plugins\org.eclipse.m2e.launching\launches\m2conf5033600026034610527.tmp"/>
    <property name="sun.jnu.encoding" value="Cp1252"/>
    <property name="java.library.path" value="E:\seleniumtrainingbyjitendra\tools\Java\jdk1.8.0_152\bin;C:\WINDOWS\Sun\Java\bin;C:\WINDOWS\system32;C:\WINDOWS;E:/seleniumtrainingbyjitendra/tools/Java/jdk1.8.0_152/bin/../jre/bin/server;E:/seleniumtrainingbyjitendra/tools/Java/jdk1.8.0_152/bin/../jre/bin;E:/seleniumtrainingbyjitendra/tools/Java/jdk1.8.0_152/bin/../jre/lib/amd64;E:\DBTrainingBySubha\Tools\oraclexe\app\oracle\product\11.2.0\server\bin;;C:\WINDOWS\system32;C:\WINDOWS;C:\WINDOWS\System32\Wbem;C:\WINDOWS\System32\WindowsPowerShell\v1.0\;C:\WINDOWS\System32\OpenSSH\;C:\Users\User\AppData\Local\Microsoft\WindowsApps;E:\seleniumtrainingbyjitendra\tools\Java\jdk1.8.0_152\bin;E:\seleniumtrainingbyjitendra\tools\apache-maven-3.6.1-bin\apache-maven-3.6.1\bin;;E:\seleniumtrainingbyjitendra\tools\eclipse-jee-2019-03-R-win32-x86_64\eclipse;;."/>
    <property name="java.specification.name" value="Java Platform API Specification"/>
    <property name="java.class.version" value="52.0"/>
    <property name="sun.management.compiler" value="HotSpot 64-Bit Tiered Compilers"/>
    <property name="os.version" value="10.0"/>
    <property name="user.home" value="C:\Users\User"/>
    <property name="user.timezone" value="Asia/Calcutta"/>
    <property name="java.awt.printerjob" value="sun.awt.windows.WPrinterJob"/>
    <property name="java.specification.version" value="1.8"/>
    <property name="file.encoding" value="Cp1252"/>
    <property name="user.name" value="User"/>
    <property name="java.class.path" value="E:\seleniumtrainingbyjitendra\tools\eclipse-jee-2019-03-R-win32-x86_64\eclipse\plugins\org.eclipse.m2e.maven.runtime_1.11.0.20190220-2117\jars\plexus-classworlds-2.5.2.jar"/>
    <property name="java.vm.specification.version" value="1.8"/>
    <property name="sun.arch.data.model" value="64"/>
    <property name="java.home" value="E:\seleniumtrainingbyjitendra\tools\Java\jdk1.8.0_152\jre"/>
    <property name="sun.java.command" value="org.codehaus.plexus.classworlds.launcher.Launcher -B install"/>
    <property name="java.specification.vendor" value="Oracle Corporation"/>
    <property name="user.language" value="en"/>
    <property name="awt.toolkit" value="sun.awt.windows.WToolkit"/>
    <property name="java.vm.info" value="mixed mode"/>
    <property name="java.version" value="1.8.0_152"/>
    <property name="java.ext.dirs" value="E:\seleniumtrainingbyjitendra\tools\Java\jdk1.8.0_152\jre\lib\ext;C:\WINDOWS\Sun\Java\lib\ext"/>
    <property name="sun.boot.class.path" value="E:\seleniumtrainingbyjitendra\tools\Java\jdk1.8.0_152\jre\lib\resources.jar;E:\seleniumtrainingbyjitendra\tools\Java\jdk1.8.0_152\jre\lib\rt.jar;E:\seleniumtrainingbyjitendra\tools\Java\jdk1.8.0_152\jre\lib\sunrsasign.jar;E:\seleniumtrainingbyjitendra\tools\Java\jdk1.8.0_152\jre\lib\jsse.jar;E:\seleniumtrainingbyjitendra\tools\Java\jdk1.8.0_152\jre\lib\jce.jar;E:\seleniumtrainingbyjitendra\tools\Java\jdk1.8.0_152\jre\lib\charsets.jar;E:\seleniumtrainingbyjitendra\tools\Java\jdk1.8.0_152\jre\lib\jfr.jar;E:\seleniumtrainingbyjitendra\tools\Java\jdk1.8.0_152\jre\classes"/>
    <property name="java.vendor" value="Oracle Corporation"/>
    <property name="maven.home" value="E:\seleniumtrainingbyjitendra\practicals\seleniumpracticals\CucumberBasics\EMBEDDED"/>
    <property name="file.separator" value="\"/>
    <property name="java.vendor.url.bug" value="http://bugreport.sun.com/bugreport/"/>
    <property name="sun.cpu.endian" value="little"/>
    <property name="sun.io.unicode.encoding" value="UnicodeLittle"/>
    <property name="sun.desktop" value="windows"/>
    <property name="sun.cpu.isalist" value="amd64"/>
  </properties>
</testsuite>